{
  "RSpec": {
    "coverage": {
      "/Users/Josh/Projects/week_8/bank-tech-test/spec/account_spec.rb": {
        "lines": [
          1,
          null,
          1,
          1,
          1,
          null,
          null,
          1,
          1,
          1,
          1,
          null,
          null,
          1,
          1,
          1,
          1,
          null,
          null,
          null,
          1,
          1,
          1,
          1,
          1,
          null,
          null,
          null,
          null,
          1,
          1,
          1,
          1,
          null,
          null,
          null
        ]
      },
      "/Users/Josh/Projects/week_8/bank-tech-test/lib/account.rb": {
        "lines": [
          1,
          null,
          1,
          1,
          null,
          1,
          null,
          1,
          5,
          5,
          null,
          null,
          null,
          1,
          4,
          4,
          null,
          null,
          1,
          2,
          2,
          null,
          null,
          1,
          null,
          1,
          6,
          null,
          null,
          null,
          null,
          null,
          null,
          null,
          null,
          null
        ]
      },
      "/Users/Josh/Projects/week_8/bank-tech-test/lib/transaction.rb": {
        "lines": [
          1,
          1,
          1,
          7,
          7,
          7,
          null,
          null
        ]
      },
      "/Users/Josh/Projects/week_8/bank-tech-test/spec/transaction_spec.rb": {
        "lines": [
          1,
          null,
          1,
          2,
          2,
          2,
          2,
          null,
          1,
          1,
          null,
          null
        ]
      }
    },
    "timestamp": 1645558184
  }
}
